error[E0435]: attempt to use a non-constant value in a constant
  --> $DIR/type-check-1.rs:34:26
   |
LL |         let x = 0;
   |         ----- help: consider using `const` instead of `let`: `const x`
...
LL |         asm!("{}", const x);
   |                          ^ non-constant value

error[E0435]: attempt to use a non-constant value in a constant
  --> $DIR/type-check-1.rs:37:36
   |
LL |         let x = 0;
   |         ----- help: consider using `const` instead of `let`: `const x`
...
LL |         asm!("{}", const const_foo(x));
   |                                    ^ non-constant value

error[E0435]: attempt to use a non-constant value in a constant
  --> $DIR/type-check-1.rs:40:36
   |
LL |         let x = 0;
   |         ----- help: consider using `const` instead of `let`: `const x`
...
LL |         asm!("{}", const const_bar(x));
   |                                    ^ non-constant value

error: invalid asm output
  --> $DIR/type-check-1.rs:10:29
   |
LL |         asm!("{}", out(reg) 1 + 2);
   |                             ^^^^^ cannot assign to this expression

error: invalid asm output
  --> $DIR/type-check-1.rs:12:31
   |
LL |         asm!("{}", inout(reg) 1 + 2);
   |                               ^^^^^ cannot assign to this expression

error[E0277]: the size for values of type `[u64]` cannot be known at compilation time
  --> $DIR/type-check-1.rs:18:28
   |
LL |         asm!("{}", in(reg) v[..]);
   |                            ^^^^^ doesn't have a size known at compile-time
   |
   = help: the trait `Sized` is not implemented for `[u64]`
   = note: all inline asm arguments must have a statically known size

error[E0277]: the size for values of type `[u64]` cannot be known at compilation time
  --> $DIR/type-check-1.rs:20:29
   |
LL |         asm!("{}", out(reg) v[..]);
   |                             ^^^^^ doesn't have a size known at compile-time
   |
   = help: the trait `Sized` is not implemented for `[u64]`
   = note: all inline asm arguments must have a statically known size

error[E0277]: the size for values of type `[u64]` cannot be known at compilation time
  --> $DIR/type-check-1.rs:22:31
   |
LL |         asm!("{}", inout(reg) v[..]);
   |                               ^^^^^ doesn't have a size known at compile-time
   |
   = help: the trait `Sized` is not implemented for `[u64]`
   = note: all inline asm arguments must have a statically known size

error: aborting due to 8 previous errors

Some errors have detailed explanations: E0277, E0435.
For more information about an error, try `rustc --explain E0277`.
